<?xml version="1.0" encoding="UTF-8"?>
<!-- Generated by org.testng.reporters.JUnitReportReporter -->
<testsuite hostname="sys" name="testcases.Guru99" tests="1" failures="0" timestamp="2 Mar 2015 00:45:14 GMT" time="1.141" errors="0">
  <testcase name="workingwithtable" time="1.141" classname="testcases.Guru99"/>
</testsuite> <!-- testcases.Guru99 -->
